app/Ko-search/app/build/outputs/apk/manifest-merger-debug-report.txt
-- Merging decision tree log ---
manifest
ADDED from AndroidManifest.xml:1:1
	package
		ADDED from AndroidManifest.xml:1:70
		INJECTED from AndroidManifest.xml:0:0
		INJECTED from AndroidManifest.xml:0:0
	android:versionName
		INJECTED from AndroidManifest.xml:0:0
		INJECTED from AndroidManifest.xml:0:0
	xmlns:android
		ADDED from AndroidManifest.xml:1:11
	android:versionCode
		INJECTED from AndroidManifest.xml:0:0
		INJECTED from AndroidManifest.xml:0:0
	android:minSdkVersion
		ADDED from AndroidManifest.xml:2:5
uses-feature#0x00020000
ADDED from AndroidManifest.xml:3:5
	android:glEsVersion
		ADDED from AndroidManifest.xml:3:19
	android:required
		ADDED from AndroidManifest.xml:3:52
permission#com.jori.ko_search.permission.MAPS_RECEIVE
ADDED from AndroidManifest.xml:5:5
	android:protectionLevel
		ADDED from AndroidManifest.xml:7:9
	android:name
		ADDED from AndroidManifest.xml:6:9
uses-permission#com.jori.kolch.permission.MAPS_RECEIVE
ADDED from AndroidManifest.xml:8:5
	android:name
		ADDED from AndroidManifest.xml:8:22
uses-permission#android.permission.INTERNET
ADDED from AndroidManifest.xml:9:5
	android:name
		ADDED from AndroidManifest.xml:9:22
uses-permission#android.permission.WRITE_EXTERNAL_STORAGE
ADDED from AndroidManifest.xml:10:5
	android:name
		ADDED from AndroidManifest.xml:10:22
uses-permission#android.permission.ACCESS_NETWORK_STATE
ADDED from AndroidManifest.xml:11:5
	android:name
		ADDED from AndroidManifest.xml:11:22
uses-permission#com.google.android.providers.gsf.permission.READ_GSERVICES
ADDED from AndroidManifest.xml:12:5
	android:name
		ADDED from AndroidManifest.xml:12:22
uses-permission#android.permission.ACCESS_COARSE_LOCATION
ADDED from AndroidManifest.xml:13:5
	android:name
		ADDED from AndroidManifest.xml:13:22
uses-permission#android.permission.ACCESS_FINE_LOCATION
ADDED from AndroidManifest.xml:14:5
	android:name
		ADDED from AndroidManifest.xml:14:22
uses-permission#android.permission.CALL_PHONE
ADDED from AndroidManifest.xml:15:5
	android:name
		ADDED from AndroidManifest.xml:15:22
application
ADDED from AndroidManifest.xml:17:5
MERGED from com.android.support:appcompat-v7:21.0.3:16:5
MERGED from com.android.support:support-v4:21.0.3:16:5
MERGED from Ko-search:googlemap:unspecified:26:5
MERGED from com.android.support:appcompat-v7:21.0.3:16:5
MERGED from com.android.support:support-v4:21.0.3:16:5
	android:label
		ADDED from AndroidManifest.xml:20:9
	android:allowBackup
		ADDED from AndroidManifest.xml:18:9
	android:icon
		ADDED from AndroidManifest.xml:19:9
	android:theme
		ADDED from AndroidManifest.xml:21:9
activity#com.jori.ko_search.MainActivity
ADDED from AndroidManifest.xml:22:5
	android:label
		ADDED from AndroidManifest.xml:24:9
	android:name
		ADDED from AndroidManifest.xml:23:9
intent-filter#android.intent.action.MAIN+android.intent.category.LAUNCHER
ADDED from AndroidManifest.xml:25:9
action#android.intent.action.MAIN
ADDED from AndroidManifest.xml:26:13
	android:name
		ADDED from AndroidManifest.xml:26:21
category#android.intent.category.LAUNCHER
ADDED from AndroidManifest.xml:28:13
	android:name
		ADDED from AndroidManifest.xml:28:23
activity#com.jori.ko_search.CheckActivity
ADDED from AndroidManifest.xml:31:5
	android:label
		ADDED from AndroidManifest.xml:33:9
	android:name
		ADDED from AndroidManifest.xml:32:9
activity#com.jori.ko_search.CorrectionActivity
ADDED from AndroidManifest.xml:35:5
	android:label
		ADDED from AndroidManifest.xml:37:9
	android:name
		ADDED from AndroidManifest.xml:36:9
activity#com.jori.ko_search.ExamActivity
ADDED from AndroidManifest.xml:39:5
	android:label
		ADDED from AndroidManifest.xml:41:9
	android:name
		ADDED from AndroidManifest.xml:40:9
activity#com.jori.ko_search.MaterialActivity
ADDED from AndroidManifest.xml:43:5
	android:label
		ADDED from AndroidManifest.xml:45:9
	android:name
		ADDED from AndroidManifest.xml:44:9
activity#com.jori.ko_search.OftenActivity
ADDED from AndroidManifest.xml:47:5
	android:label
		ADDED from AndroidManifest.xml:49:9
	android:name
		ADDED from AndroidManifest.xml:48:9
activity#com.jori.ko_search.ResultActivity
ADDED from AndroidManifest.xml:51:5
	android:label
		ADDED from AndroidManifest.xml:53:9
	android:name
		ADDED from AndroidManifest.xml:52:9
meta-data#com.google.android.gms.version
ADDED from AndroidManifest.xml:56:5
MERGED from Ko-search:googlemap:unspecified:27:9
	android:value
		ADDED from AndroidManifest.xml:58:9
	android:name
		ADDED from AndroidManifest.xml:57:9
meta-data#com.google.android.maps.v2.API_KEY
ADDED from AndroidManifest.xml:59:5
	android:value
		ADDED from AndroidManifest.xml:61:9
	android:name
		ADDED from AndroidManifest.xml:60:9
uses-sdk
INJECTED from AndroidManifest.xml:0:0 reason: use-sdk injection requested
MERGED from com.android.support:appcompat-v7:21.0.3:15:5
MERGED from com.android.support:support-v4:21.0.3:15:5
MERGED from Ko-search:googlemap:unspecified:22:5
MERGED from com.android.support:appcompat-v7:21.0.3:15:5
MERGED from com.android.support:support-v4:21.0.3:15:5
	android:targetSdkVersion
		INJECTED from AndroidManifest.xml:0:0
		INJECTED from AndroidManifest.xml:0:0
	android:minSdkVersion
		INJECTED from AndroidManifest.xml:0:0
		INJECTED from AndroidManifest.xml:0:0